02:56:29,734  INFO Environment:500 - Hibernate 3.2.1
  02:56:29,740  INFO Environment:533 - hibernate.properties not found
  02:56:29,742  INFO Environment:667 - Bytecode provider name : cglib
  02:56:29,745  INFO Environment:584 - using JDK 1.4 java.sql.Timestamp handling
  02:56:29,797  INFO Configuration:1423 - configuring from resource: hibernate.cfg.xml
  02:56:29,797  INFO Configuration:1400 - Configuration resource: hibernate.cfg.xml
  02:56:31,574 DEBUG Configuration:1384 - hbm2ddl.auto=create
  02:56:31,574 DEBUG Configuration:1384 - dialect=org.hibernate.dialect.MySQLDialect
  02:56:31,574 DEBUG Configuration:1384 - connection.url=jdbc:mysql://localhost/test
  02:56:31,575 DEBUG Configuration:1384 - connection.username=root
  02:56:31,575 DEBUG Configuration:1384 - connection.password=root@18
  02:56:31,575 DEBUG Configuration:1384 - connection.driver_class=com.mysql.jdbc.Driver
  02:56:31,576 DEBUG Configuration:1583 - null<-org.dom4j.tree.DefaultAttribute@13c78c0b [Attribute: name resource value "employee.hbm.xml"]
  02:56:31,576  INFO Configuration:553 - Reading mappings from resource : employee.hbm.xml
  02:56:33,366  INFO HbmBinder:300 - Mapping class: org.tutorial.testhb.Employee -> emp1001
  02:56:33,378 DEBUG HbmBinder:1270 - Mapped property: id -> id
  02:56:33,382 DEBUG HbmBinder:1270 - Mapped property: firstName -> firstName
  02:56:33,383 DEBUG HbmBinder:1270 - Mapped property: lastName -> lastName
  02:56:33,383 DEBUG HbmBinder:1270 - Mapped property: email -> email
  02:56:33,383  INFO Configuration:1538 - Configured SessionFactory: null
  02:56:33,384 DEBUG Configuration:1539 - properties: {hibernate.connection.password=root@18, java.runtime.name=Java(TM) SE Runtime Environment, sun.boot.library.path=/Library/Java/JavaVirtualMachines/jdk1.8.0_65.jdk/Contents/Home/jre/lib, java.vm.version=25.65-b01, hibernate.connection.username=root, user.country.format=BD, gopherProxySet=false, java.vm.vendor=Oracle Corporation, java.vendor.url=http://java.oracle.com/, path.separator=:, java.vm.name=Java HotSpot(TM) 64-Bit Server VM, file.encoding.pkg=sun.io, user.country=US, sun.java.launcher=SUN_STANDARD, sun.os.patch.level=unknown, java.vm.specification.name=Java Virtual Machine Specification, user.dir=/Users/alaminsarker/Documents/workspace/FirstHibernateProject, java.runtime.version=1.8.0_65-b17, java.awt.graphicsenv=sun.awt.CGraphicsEnvironment, hbm2ddl.auto=create, java.endorsed.dirs=/Library/Java/JavaVirtualMachines/jdk1.8.0_65.jdk/Contents/Home/jre/lib/endorsed, os.arch=x86_64, java.io.tmpdir=/var/folders/ct/nqm1c5jj3cq6zrnjdz57flyh0000gn/T/, line.separator=
, java.vm.specification.vendor=Oracle Corporation, os.name=Mac OS X, sun.jnu.encoding=UTF-8, java.library.path=/Users/alaminsarker/Library/Java/Extensions:/Library/Java/Extensions:/Network/Library/Java/Extensions:/System/Library/Java/Extensions:/usr/lib/java:., java.specification.name=Java Platform API Specification, java.class.version=52.0, sun.management.compiler=HotSpot 64-Bit Tiered Compilers, os.version=10.14.2, http.nonProxyHosts=local|*.local|169.254/16|*.169.254/16, connection.password=root@18, user.home=/Users/alaminsarker, user.timezone=Asia/Dhaka, connection.username=root, java.awt.printerjob=sun.lwawt.macosx.CPrinterJob, file.encoding=UTF-8, java.specification.version=1.8, hibernate.connection.driver_class=com.mysql.jdbc.Driver, java.class.path=/Users/alaminsarker/Documents/workspace/FirstHibernateProject/bin:/Users/alaminsarker/Documents/workspace/FirstHibernateProject/lib/xerces-2.6.2.jar:/Users/alaminsarker/Documents/workspace/FirstHibernateProject/lib/log4j-1.2.11.jar:/Users/alaminsarker/Documents/workspace/FirstHibernateProject/lib/jta.jar:/Users/alaminsarker/Documents/workspace/FirstHibernateProject/lib/jdbc2_0-stdext.jar:/Users/alaminsarker/Documents/workspace/FirstHibernateProject/lib/hibernate3.jar:/Users/alaminsarker/Documents/workspace/FirstHibernateProject/lib/hibernate-validator.jar:/Users/alaminsarker/Documents/workspace/FirstHibernateProject/lib/hibernate-commons-annotations.jar:/Users/alaminsarker/Documents/workspace/FirstHibernateProject/lib/hibernate-annotations.jar:/Users/alaminsarker/Documents/workspace/FirstHibernateProject/lib/ejb3-persistence.jar:/Users/alaminsarker/Documents/workspace/FirstHibernateProject/lib/ehcache-1.2.3.jar:/Users/alaminsarker/Documents/workspace/FirstHibernateProject/lib/dom4j-1.6.1.jar:/Users/alaminsarker/Documents/workspace/FirstHibernateProject/lib/commons-logging-1.0.4.jar:/Users/alaminsarker/Documents/workspace/FirstHibernateProject/lib/commons-collections-2.1.1.jar:/Users/alaminsarker/Documents/workspace/FirstHibernateProject/lib/cglib-2.1.3.jar:/Users/alaminsarker/Documents/workspace/FirstHibernateProject/lib/c3p0-0.9.1.jar:/Users/alaminsarker/Documents/workspace/FirstHibernateProject/lib/asm.jar:/Users/alaminsarker/Documents/workspace/FirstHibernateProject/lib/asm-attrs.jar:/Users/alaminsarker/Documents/workspace/FirstHibernateProject/lib/antlr-2.7.6.jar:/Users/alaminsarker/Documents/workspace/FirstHibernateProject/lib/mysql-connector.jar, user.name=alaminsarker, hibernate.bytecode.use_reflection_optimizer=false, java.vm.specification.version=1.8, sun.java.command=org.tutorial.testhb.StoreData, java.home=/Library/Java/JavaVirtualMachines/jdk1.8.0_65.jdk/Contents/Home/jre, sun.arch.data.model=64, hibernate.connection.url=jdbc:mysql://localhost/test, hibernate.dialect=org.hibernate.dialect.MySQLDialect, user.language=en, java.specification.vendor=Oracle Corporation, awt.toolkit=sun.lwawt.macosx.LWCToolkit, java.vm.info=mixed mode, java.version=1.8.0_65, java.ext.dirs=/Users/alaminsarker/Library/Java/Extensions:/Library/Java/JavaVirtualMachines/jdk1.8.0_65.jdk/Contents/Home/jre/lib/ext:/Library/Java/Extensions:/Network/Library/Java/Extensions:/System/Library/Java/Extensions:/usr/lib/java, sun.boot.class.path=/Library/Java/JavaVirtualMachines/jdk1.8.0_65.jdk/Contents/Home/jre/lib/resources.jar:/Library/Java/JavaVirtualMachines/jdk1.8.0_65.jdk/Contents/Home/jre/lib/rt.jar:/Library/Java/JavaVirtualMachines/jdk1.8.0_65.jdk/Contents/Home/jre/lib/sunrsasign.jar:/Library/Java/JavaVirtualMachines/jdk1.8.0_65.jdk/Contents/Home/jre/lib/jsse.jar:/Library/Java/JavaVirtualMachines/jdk1.8.0_65.jdk/Contents/Home/jre/lib/jce.jar:/Library/Java/JavaVirtualMachines/jdk1.8.0_65.jdk/Contents/Home/jre/lib/charsets.jar:/Library/Java/JavaVirtualMachines/jdk1.8.0_65.jdk/Contents/Home/jre/lib/jfr.jar:/Library/Java/JavaVirtualMachines/jdk1.8.0_65.jdk/Contents/Home/jre/classes, java.vendor=Oracle Corporation, connection.driver_class=com.mysql.jdbc.Driver, file.separator=/, hibernate.hbm2ddl.auto=create, java.vendor.url.bug=http://bugreport.sun.com/bugreport/, sun.io.unicode.encoding=UnicodeBig, sun.cpu.endian=little, socksNonProxyHosts=local|*.local|169.254/16|*.169.254/16, connection.url=jdbc:mysql://localhost/test, ftp.nonProxyHosts=local|*.local|169.254/16|*.169.254/16, dialect=org.hibernate.dialect.MySQLDialect, sun.cpu.isalist=}
  02:56:33,384 DEBUG Configuration:1282 - Preparing to build session factory with filters : {}
  02:56:33,385 DEBUG Configuration:1117 - processing extends queue
  02:56:33,385 DEBUG Configuration:1121 - processing collection mappings
  02:56:33,385 DEBUG Configuration:1132 - processing native query and ResultSetMapping mappings
  02:56:33,385 DEBUG Configuration:1140 - processing association property references
  02:56:33,385 DEBUG Configuration:1162 - processing foreign key constraints
  02:56:33,429  INFO DriverManagerConnectionProvider:41 - Using Hibernate built-in connection pool (not for production use!)
  02:56:33,430  INFO DriverManagerConnectionProvider:42 - Hibernate connection pool size: 20
  02:56:33,430  INFO DriverManagerConnectionProvider:45 - autocommit mode: false
  02:56:33,512  INFO DriverManagerConnectionProvider:80 - using driver: com.mysql.jdbc.Driver at URL: jdbc:mysql://localhost/test
  02:56:33,512  INFO DriverManagerConnectionProvider:83 - connection properties: {user=root, password=root@18}
  02:56:33,513 DEBUG DriverManagerConnectionProvider:93 - total checked-out connections: 0
  02:56:33,513 DEBUG DriverManagerConnectionProvider:109 - opening new JDBC connection
  02:56:34,246 DEBUG DriverManagerConnectionProvider:115 - created connection to: jdbc:mysql://localhost/test, Isolation Level: 4
  02:56:34,249  INFO SettingsFactory:81 - RDBMS: MySQL, version: 8.0.15
  02:56:34,249  INFO SettingsFactory:82 - JDBC driver: MySQL Connector/J, version: mysql-connector-java-8.0.15 (Revision: 79a4336f140499bd22dd07f02b708e163844e3d5)
  02:56:34,249 DEBUG DriverManagerConnectionProvider:129 - returning connection to pool, pool size: 1
  02:56:34,260  INFO Dialect:151 - Using dialect: org.hibernate.dialect.MySQLDialect
  02:56:34,263  INFO TransactionFactoryFactory:31 - Using default transaction strategy (direct JDBC transactions)
  02:56:34,265  INFO TransactionManagerLookupFactory:33 - No TransactionManagerLookup configured (in JTA environment, use of read-write or transactional second-level cache is not recommended)
  02:56:34,266  INFO SettingsFactory:134 - Automatic flush during beforeCompletion(): disabled
  02:56:34,266  INFO SettingsFactory:138 - Automatic session close at end of transaction: disabled
  02:56:34,266  INFO SettingsFactory:145 - JDBC batch size: 15
  02:56:34,266  INFO SettingsFactory:148 - JDBC batch updates for versioned data: disabled
  02:56:34,266  INFO SettingsFactory:153 - Scrollable result sets: enabled
  02:56:34,267 DEBUG SettingsFactory:157 - Wrap result sets: disabled
  02:56:34,267  INFO SettingsFactory:161 - JDBC3 getGeneratedKeys(): enabled
  02:56:34,267  INFO SettingsFactory:169 - Connection release mode: auto
  02:56:34,267  INFO SettingsFactory:193 - Maximum outer join fetch depth: 2
  02:56:34,268  INFO SettingsFactory:196 - Default batch fetch size: 1
  02:56:34,268  INFO SettingsFactory:200 - Generate SQL with comments: disabled
  02:56:34,268  INFO SettingsFactory:204 - Order SQL updates by primary key: disabled
  02:56:34,268  INFO SettingsFactory:369 - Query translator: org.hibernate.hql.ast.ASTQueryTranslatorFactory
  02:56:34,270  INFO ASTQueryTranslatorFactory:24 - Using ASTQueryTranslatorFactory
  02:56:34,270  INFO SettingsFactory:212 - Query language substitutions: {}
  02:56:34,270  INFO SettingsFactory:217 - JPA-QL strict compliance: disabled
  02:56:34,271  INFO SettingsFactory:222 - Second-level cache: enabled
  02:56:34,271  INFO SettingsFactory:226 - Query cache: disabled
  02:56:34,271  INFO SettingsFactory:356 - Cache provider: org.hibernate.cache.NoCacheProvider
  02:56:34,271  INFO SettingsFactory:241 - Optimize cache for minimal puts: disabled
  02:56:34,271  INFO SettingsFactory:250 - Structured second-level cache entries: disabled
  02:56:34,272 DEBUG SQLExceptionConverterFactory:52 - Using dialect defined converter
  02:56:34,276  INFO SettingsFactory:277 - Statistics: disabled
  02:56:34,276  INFO SettingsFactory:281 - Deleted entity synthetic identifier rollback: disabled
  02:56:34,277  INFO SettingsFactory:296 - Default entity-mode: pojo
  02:56:34,296  INFO SessionFactoryImpl:161 - building session factory
  02:56:34,296 DEBUG SessionFactoryImpl:173 - Session factory constructed with filter configurations : {}
  02:56:34,297 DEBUG SessionFactoryImpl:177 - instantiating session factory with properties: {java.runtime.name=Java(TM) SE Runtime Environment, hibernate.connection.password=root@18, sun.boot.library.path=/Library/Java/JavaVirtualMachines/jdk1.8.0_65.jdk/Contents/Home/jre/lib, java.vm.version=25.65-b01, hibernate.connection.username=root, user.country.format=BD, gopherProxySet=false, java.vm.vendor=Oracle Corporation, java.vendor.url=http://java.oracle.com/, path.separator=:, java.vm.name=Java HotSpot(TM) 64-Bit Server VM, file.encoding.pkg=sun.io, user.country=US, sun.java.launcher=SUN_STANDARD, sun.os.patch.level=unknown, java.vm.specification.name=Java Virtual Machine Specification, user.dir=/Users/alaminsarker/Documents/workspace/FirstHibernateProject, java.runtime.version=1.8.0_65-b17, java.awt.graphicsenv=sun.awt.CGraphicsEnvironment, hbm2ddl.auto=create, java.endorsed.dirs=/Library/Java/JavaVirtualMachines/jdk1.8.0_65.jdk/Contents/Home/jre/lib/endorsed, os.arch=x86_64, java.io.tmpdir=/var/folders/ct/nqm1c5jj3cq6zrnjdz57flyh0000gn/T/, line.separator=
, java.vm.specification.vendor=Oracle Corporation, os.name=Mac OS X, sun.jnu.encoding=UTF-8, java.library.path=/Users/alaminsarker/Library/Java/Extensions:/Library/Java/Extensions:/Network/Library/Java/Extensions:/System/Library/Java/Extensions:/usr/lib/java:., java.specification.name=Java Platform API Specification, java.class.version=52.0, sun.management.compiler=HotSpot 64-Bit Tiered Compilers, os.version=10.14.2, http.nonProxyHosts=local|*.local|169.254/16|*.169.254/16, user.home=/Users/alaminsarker, connection.password=root@18, user.timezone=Asia/Dhaka, java.awt.printerjob=sun.lwawt.macosx.CPrinterJob, connection.username=root, java.specification.version=1.8, file.encoding=UTF-8, hibernate.connection.driver_class=com.mysql.jdbc.Driver, user.name=alaminsarker, java.class.path=/Users/alaminsarker/Documents/workspace/FirstHibernateProject/bin:/Users/alaminsarker/Documents/workspace/FirstHibernateProject/lib/xerces-2.6.2.jar:/Users/alaminsarker/Documents/workspace/FirstHibernateProject/lib/log4j-1.2.11.jar:/Users/alaminsarker/Documents/workspace/FirstHibernateProject/lib/jta.jar:/Users/alaminsarker/Documents/workspace/FirstHibernateProject/lib/jdbc2_0-stdext.jar:/Users/alaminsarker/Documents/workspace/FirstHibernateProject/lib/hibernate3.jar:/Users/alaminsarker/Documents/workspace/FirstHibernateProject/lib/hibernate-validator.jar:/Users/alaminsarker/Documents/workspace/FirstHibernateProject/lib/hibernate-commons-annotations.jar:/Users/alaminsarker/Documents/workspace/FirstHibernateProject/lib/hibernate-annotations.jar:/Users/alaminsarker/Documents/workspace/FirstHibernateProject/lib/ejb3-persistence.jar:/Users/alaminsarker/Documents/workspace/FirstHibernateProject/lib/ehcache-1.2.3.jar:/Users/alaminsarker/Documents/workspace/FirstHibernateProject/lib/dom4j-1.6.1.jar:/Users/alaminsarker/Documents/workspace/FirstHibernateProject/lib/commons-logging-1.0.4.jar:/Users/alaminsarker/Documents/workspace/FirstHibernateProject/lib/commons-collections-2.1.1.jar:/Users/alaminsarker/Documents/workspace/FirstHibernateProject/lib/cglib-2.1.3.jar:/Users/alaminsarker/Documents/workspace/FirstHibernateProject/lib/c3p0-0.9.1.jar:/Users/alaminsarker/Documents/workspace/FirstHibernateProject/lib/asm.jar:/Users/alaminsarker/Documents/workspace/FirstHibernateProject/lib/asm-attrs.jar:/Users/alaminsarker/Documents/workspace/FirstHibernateProject/lib/antlr-2.7.6.jar:/Users/alaminsarker/Documents/workspace/FirstHibernateProject/lib/mysql-connector.jar, hibernate.bytecode.use_reflection_optimizer=false, java.vm.specification.version=1.8, sun.arch.data.model=64, java.home=/Library/Java/JavaVirtualMachines/jdk1.8.0_65.jdk/Contents/Home/jre, sun.java.command=org.tutorial.testhb.StoreData, hibernate.dialect=org.hibernate.dialect.MySQLDialect, hibernate.connection.url=jdbc:mysql://localhost/test, java.specification.vendor=Oracle Corporation, user.language=en, awt.toolkit=sun.lwawt.macosx.LWCToolkit, java.vm.info=mixed mode, java.version=1.8.0_65, java.ext.dirs=/Users/alaminsarker/Library/Java/Extensions:/Library/Java/JavaVirtualMachines/jdk1.8.0_65.jdk/Contents/Home/jre/lib/ext:/Library/Java/Extensions:/Network/Library/Java/Extensions:/System/Library/Java/Extensions:/usr/lib/java, sun.boot.class.path=/Library/Java/JavaVirtualMachines/jdk1.8.0_65.jdk/Contents/Home/jre/lib/resources.jar:/Library/Java/JavaVirtualMachines/jdk1.8.0_65.jdk/Contents/Home/jre/lib/rt.jar:/Library/Java/JavaVirtualMachines/jdk1.8.0_65.jdk/Contents/Home/jre/lib/sunrsasign.jar:/Library/Java/JavaVirtualMachines/jdk1.8.0_65.jdk/Contents/Home/jre/lib/jsse.jar:/Library/Java/JavaVirtualMachines/jdk1.8.0_65.jdk/Contents/Home/jre/lib/jce.jar:/Library/Java/JavaVirtualMachines/jdk1.8.0_65.jdk/Contents/Home/jre/lib/charsets.jar:/Library/Java/JavaVirtualMachines/jdk1.8.0_65.jdk/Contents/Home/jre/lib/jfr.jar:/Library/Java/JavaVirtualMachines/jdk1.8.0_65.jdk/Contents/Home/jre/classes, java.vendor=Oracle Corporation, file.separator=/, connection.driver_class=com.mysql.jdbc.Driver, java.vendor.url.bug=http://bugreport.sun.com/bugreport/, hibernate.hbm2ddl.auto=create, sun.cpu.endian=little, sun.io.unicode.encoding=UnicodeBig, socksNonProxyHosts=local|*.local|169.254/16|*.169.254/16, ftp.nonProxyHosts=local|*.local|169.254/16|*.169.254/16, connection.url=jdbc:mysql://localhost/test, sun.cpu.isalist=, dialect=org.hibernate.dialect.MySQLDialect}
  02:56:34,444 DEBUG AbstractEntityPersister:2688 - Static SQL for entity: org.tutorial.testhb.Employee
  02:56:34,445 DEBUG AbstractEntityPersister:2693 -  Version select: select id from emp1001 where id =?
  02:56:34,445 DEBUG AbstractEntityPersister:2696 -  Snapshot select: select employee_.id, employee_.firstName as firstName0_, employee_.lastName as lastName0_, employee_.email as email0_ from emp1001 employee_ where employee_.id=?
  02:56:34,446 DEBUG AbstractEntityPersister:2699 -  Insert 0: insert into emp1001 (firstName, lastName, email, id) values (?, ?, ?, ?)
  02:56:34,446 DEBUG AbstractEntityPersister:2700 -  Update 0: update emp1001 set firstName=?, lastName=?, email=? where id=?
  02:56:34,447 DEBUG AbstractEntityPersister:2701 -  Delete 0: delete from emp1001 where id=?
  02:56:34,463 DEBUG EntityLoader:79 - Static select for entity org.tutorial.testhb.Employee: select employee0_.id as id0_0_, employee0_.firstName as firstName0_0_, employee0_.lastName as lastName0_0_, employee0_.email as email0_0_ from emp1001 employee0_ where employee0_.id=?
  02:56:34,464 DEBUG EntityLoader:79 - Static select for entity org.tutorial.testhb.Employee: select employee0_.id as id0_0_, employee0_.firstName as firstName0_0_, employee0_.lastName as lastName0_0_, employee0_.email as email0_0_ from emp1001 employee0_ where employee0_.id=?
  02:56:34,464 DEBUG EntityLoader:79 - Static select for entity org.tutorial.testhb.Employee: select employee0_.id as id0_0_, employee0_.firstName as firstName0_0_, employee0_.lastName as lastName0_0_, employee0_.email as email0_0_ from emp1001 employee0_ where employee0_.id=? for update
  02:56:34,464 DEBUG EntityLoader:79 - Static select for entity org.tutorial.testhb.Employee: select employee0_.id as id0_0_, employee0_.firstName as firstName0_0_, employee0_.lastName as lastName0_0_, employee0_.email as email0_0_ from emp1001 employee0_ where employee0_.id=? for update
  02:56:34,465 DEBUG EntityLoader:79 - Static select for entity org.tutorial.testhb.Employee: select employee0_.id as id0_0_, employee0_.firstName as firstName0_0_, employee0_.lastName as lastName0_0_, employee0_.email as email0_0_ from emp1001 employee0_ where employee0_.id=? for update
  02:56:34,471 DEBUG EntityLoader:34 - Static select for action ACTION_MERGE on entity org.tutorial.testhb.Employee: select employee0_.id as id0_0_, employee0_.firstName as firstName0_0_, employee0_.lastName as lastName0_0_, employee0_.email as email0_0_ from emp1001 employee0_ where employee0_.id=?
  02:56:34,471 DEBUG EntityLoader:34 - Static select for action ACTION_REFRESH on entity org.tutorial.testhb.Employee: select employee0_.id as id0_0_, employee0_.firstName as firstName0_0_, employee0_.lastName as lastName0_0_, employee0_.email as email0_0_ from emp1001 employee0_ where employee0_.id=?
  02:56:34,473 DEBUG SessionFactoryObjectFactory:39 - initializing class SessionFactoryObjectFactory
  02:56:34,474 DEBUG SessionFactoryObjectFactory:76 - registered: 402880e668c9bf740168c9bf75a80000 (unnamed)
  02:56:34,474  INFO SessionFactoryObjectFactory:82 - Not binding factory to JNDI, no JNDI name configured
  02:56:34,475 DEBUG SessionFactoryImpl:308 - instantiated session factory
  02:56:34,478 DEBUG Configuration:1117 - processing extends queue
  02:56:34,478 DEBUG Configuration:1121 - processing collection mappings
  02:56:34,478 DEBUG Configuration:1132 - processing native query and ResultSetMapping mappings
  02:56:34,479 DEBUG Configuration:1140 - processing association property references
  02:56:34,479 DEBUG Configuration:1162 - processing foreign key constraints
  02:56:34,479 DEBUG Configuration:1117 - processing extends queue
  02:56:34,480 DEBUG Configuration:1121 - processing collection mappings
  02:56:34,480 DEBUG Configuration:1132 - processing native query and ResultSetMapping mappings
  02:56:34,480 DEBUG Configuration:1140 - processing association property references
  02:56:34,480 DEBUG Configuration:1162 - processing foreign key constraints
  02:56:34,481  INFO SchemaExport:154 - Running hbm2ddl schema export
  02:56:34,481 DEBUG SchemaExport:170 - import file not found: /import.sql
  02:56:34,482  INFO SchemaExport:179 - exporting generated schema to database
  02:56:34,482 DEBUG DriverManagerConnectionProvider:93 - total checked-out connections: 0
  02:56:34,482 DEBUG DriverManagerConnectionProvider:99 - using pooled JDBC connection, pool size: 0
  02:56:34,489 DEBUG SchemaExport:303 - drop table if exists emp1001
  02:56:34,512 DEBUG SchemaExport:303 - create table emp1001 (id integer not null, firstName varchar(255), lastName varchar(255), email varchar(255), primary key (id))
  02:56:34,527  INFO SchemaExport:196 - schema export complete
  02:56:34,529 DEBUG DriverManagerConnectionProvider:129 - returning connection to pool, pool size: 1
  02:56:34,530 DEBUG SessionFactoryImpl:390 - Checking 0 named HQL queries
  02:56:34,530 DEBUG SessionFactoryImpl:410 - Checking 0 named SQL queries
  02:56:34,571 DEBUG SessionImpl:220 - opened session at timestamp: 15495729945
  02:56:34,573 DEBUG JDBCTransaction:54 - begin
  02:56:34,573 DEBUG ConnectionManager:415 - opening JDBC connection
  02:56:34,575 DEBUG DriverManagerConnectionProvider:93 - total checked-out connections: 0
  02:56:34,575 DEBUG DriverManagerConnectionProvider:99 - using pooled JDBC connection, pool size: 0
  02:56:34,575 DEBUG JDBCTransaction:59 - current autocommit status: false
  02:56:34,576 DEBUG JDBCContext:210 - after transaction begin
  02:56:34,578 DEBUG IdentifierValue:77 - id unsaved-value strategy UNDEFINED
  02:56:34,578 DEBUG AbstractSaveEventListener:489 - transient instance of: org.tutorial.testhb.Employee
  02:56:34,578 DEBUG DefaultPersistEventListener:124 - saving transient instance
  02:56:34,580 DEBUG AbstractSaveEventListener:113 - generated identifier: 10, using strategy: org.hibernate.id.Assigned
  02:56:34,581 DEBUG AbstractSaveEventListener:152 - saving [org.tutorial.testhb.Employee#10]
  02:56:34,597 DEBUG JDBCTransaction:103 - commit
  02:56:34,598 DEBUG SessionImpl:337 - automatically flushing session
  02:56:34,599 DEBUG AbstractFlushingEventListener:58 - flushing session
  02:56:34,600 DEBUG AbstractFlushingEventListener:111 - processing flush-time cascades
  02:56:34,600 DEBUG AbstractFlushingEventListener:154 - dirty checking collections
  02:56:34,601 DEBUG AbstractFlushingEventListener:171 - Flushing entities and processing referenced collections
  02:56:34,603 DEBUG AbstractFlushingEventListener:210 - Processing unreferenced collections
  02:56:34,603 DEBUG AbstractFlushingEventListener:224 - Scheduling collection removes/(re)creates/updates
  02:56:34,604 DEBUG AbstractFlushingEventListener:85 - Flushed: 1 insertions, 0 updates, 0 deletions to 1 objects
  02:56:34,604 DEBUG AbstractFlushingEventListener:91 - Flushed: 0 (re)creations, 0 updates, 0 removals to 0 collections
  02:56:34,606 DEBUG Printer:83 - listing entities:
  02:56:34,607 DEBUG Printer:90 - org.tutorial.testhb.Employee{firstName=alamin, lastName=sarker, id=10, email=alamin_mas@yahoo.com}
  02:56:34,608 DEBUG AbstractFlushingEventListener:290 - executing flush
  02:56:34,608 DEBUG ConnectionManager:463 - registering flush begin
  02:56:34,608 DEBUG AbstractEntityPersister:2154 - Inserting entity: [org.tutorial.testhb.Employee#10]
  02:56:34,611 DEBUG AbstractBatcher:358 - about to open PreparedStatement (open PreparedStatements: 0, globally: 0)
  02:56:34,612 DEBUG SQL:393 - insert into emp1001 (firstName, lastName, email, id) values (?, ?, ?, ?)
  02:56:34,612 DEBUG AbstractBatcher:476 - preparing statement
  02:56:34,636 DEBUG AbstractEntityPersister:1942 - Dehydrating entity: [org.tutorial.testhb.Employee#10]
  02:56:34,636 DEBUG StringType:80 - binding 'alamin' to parameter: 1
  02:56:34,636 DEBUG StringType:80 - binding 'sarker' to parameter: 2
  02:56:34,637 DEBUG StringType:80 - binding 'alamin_mas@yahoo.com' to parameter: 3
  02:56:34,637 DEBUG IntegerType:80 - binding '10' to parameter: 4
  02:56:34,637 DEBUG AbstractBatcher:44 - Executing batch size: 1
  02:56:34,641 DEBUG AbstractBatcher:366 - about to close PreparedStatement (open PreparedStatements: 1, globally: 1)
  02:56:34,641 DEBUG AbstractBatcher:525 - closing statement
  02:56:34,641 DEBUG ConnectionManager:472 - registering flush end
  02:56:34,641 DEBUG AbstractFlushingEventListener:321 - post flush
  02:56:34,641 DEBUG JDBCContext:201 - before transaction completion
  02:56:34,642 DEBUG SessionImpl:393 - before transaction completion
  02:56:34,643 DEBUG JDBCTransaction:116 - committed JDBC Connection
  02:56:34,643 DEBUG JDBCContext:215 - after transaction completion
  02:56:34,643 DEBUG ConnectionManager:398 - aggressively releasing JDBC connection
  02:56:34,643 DEBUG ConnectionManager:435 - releasing JDBC connection [ (open PreparedStatements: 0, globally: 0) (open ResultSets: 0, globally: 0)]
  02:56:34,643 DEBUG DriverManagerConnectionProvider:129 - returning connection to pool, pool size: 1
  02:56:34,643 DEBUG SessionImpl:422 - after transaction completion
  02:56:34,644 DEBUG SessionImpl:273 - closing session
  02:56:34,644 DEBUG ConnectionManager:369 - connection already null in cleanup : no action
  14:40:20,096  INFO Environment:500 - Hibernate 3.2.1
  14:40:20,101  INFO Environment:533 - hibernate.properties not found
  14:40:20,103  INFO Environment:667 - Bytecode provider name : cglib
  14:40:20,106  INFO Environment:584 - using JDK 1.4 java.sql.Timestamp handling
  14:40:20,148  INFO Configuration:1423 - configuring from resource: hibernate.cfg.xml
  14:40:20,149  INFO Configuration:1400 - Configuration resource: hibernate.cfg.xml
  14:40:25,207 DEBUG Configuration:1384 - hbm2ddl.auto=create
  14:40:25,208 DEBUG Configuration:1384 - dialect=org.hibernate.dialect.MySQLDialect
  14:40:25,208 DEBUG Configuration:1384 - connection.url=jdbc:mysql://localhost/test
  14:40:25,208 DEBUG Configuration:1384 - connection.username=root
  14:40:25,209 DEBUG Configuration:1384 - connection.password=root@18
  14:40:25,209 DEBUG Configuration:1384 - connection.driver_class=com.mysql.jdbc.Driver
  14:40:25,210 DEBUG Configuration:1583 - null<-org.dom4j.tree.DefaultAttribute@13c78c0b [Attribute: name resource value "employee.hbm.xml"]
  14:40:25,210  INFO Configuration:553 - Reading mappings from resource : employee.hbm.xml
  14:40:26,991  INFO HbmBinder:300 - Mapping class: org.tutorial.testhb.Employee -> emp1001
  14:40:27,001 DEBUG HbmBinder:1270 - Mapped property: id -> id
  14:40:27,006 DEBUG HbmBinder:1270 - Mapped property: firstName -> firstName
  14:40:27,007 DEBUG HbmBinder:1270 - Mapped property: lastName -> lastName
  14:40:27,007 DEBUG HbmBinder:1270 - Mapped property: email -> email
  14:40:27,008  INFO Configuration:1538 - Configured SessionFactory: null
  14:40:27,008 DEBUG Configuration:1539 - properties: {hibernate.connection.password=root@18, java.runtime.name=Java(TM) SE Runtime Environment, sun.boot.library.path=/Library/Java/JavaVirtualMachines/jdk1.8.0_65.jdk/Contents/Home/jre/lib, java.vm.version=25.65-b01, hibernate.connection.username=root, user.country.format=BD, gopherProxySet=false, java.vm.vendor=Oracle Corporation, java.vendor.url=http://java.oracle.com/, path.separator=:, java.vm.name=Java HotSpot(TM) 64-Bit Server VM, file.encoding.pkg=sun.io, user.country=US, sun.java.launcher=SUN_STANDARD, sun.os.patch.level=unknown, java.vm.specification.name=Java Virtual Machine Specification, user.dir=/Users/alaminsarker/git/hibernate_test_projects/FirstHibernateProject, java.runtime.version=1.8.0_65-b17, java.awt.graphicsenv=sun.awt.CGraphicsEnvironment, hbm2ddl.auto=create, java.endorsed.dirs=/Library/Java/JavaVirtualMachines/jdk1.8.0_65.jdk/Contents/Home/jre/lib/endorsed, os.arch=x86_64, java.io.tmpdir=/var/folders/ct/nqm1c5jj3cq6zrnjdz57flyh0000gn/T/, line.separator=
, java.vm.specification.vendor=Oracle Corporation, os.name=Mac OS X, sun.jnu.encoding=UTF-8, java.library.path=/Users/alaminsarker/Library/Java/Extensions:/Library/Java/Extensions:/Network/Library/Java/Extensions:/System/Library/Java/Extensions:/usr/lib/java:., java.specification.name=Java Platform API Specification, java.class.version=52.0, sun.management.compiler=HotSpot 64-Bit Tiered Compilers, os.version=10.14.2, http.nonProxyHosts=local|*.local|169.254/16|*.169.254/16, connection.password=root@18, user.home=/Users/alaminsarker, user.timezone=Asia/Dhaka, connection.username=root, java.awt.printerjob=sun.lwawt.macosx.CPrinterJob, file.encoding=UTF-8, java.specification.version=1.8, hibernate.connection.driver_class=com.mysql.jdbc.Driver, java.class.path=/Users/alaminsarker/git/hibernate_test_projects/FirstHibernateProject/bin:/Users/alaminsarker/git/hibernate_test_projects/FirstHibernateProject/lib/xerces-2.6.2.jar:/Users/alaminsarker/git/hibernate_test_projects/FirstHibernateProject/lib/log4j-1.2.11.jar:/Users/alaminsarker/git/hibernate_test_projects/FirstHibernateProject/lib/jta.jar:/Users/alaminsarker/git/hibernate_test_projects/FirstHibernateProject/lib/jdbc2_0-stdext.jar:/Users/alaminsarker/git/hibernate_test_projects/FirstHibernateProject/lib/hibernate3.jar:/Users/alaminsarker/git/hibernate_test_projects/FirstHibernateProject/lib/hibernate-validator.jar:/Users/alaminsarker/git/hibernate_test_projects/FirstHibernateProject/lib/hibernate-commons-annotations.jar:/Users/alaminsarker/git/hibernate_test_projects/FirstHibernateProject/lib/hibernate-annotations.jar:/Users/alaminsarker/git/hibernate_test_projects/FirstHibernateProject/lib/ejb3-persistence.jar:/Users/alaminsarker/git/hibernate_test_projects/FirstHibernateProject/lib/ehcache-1.2.3.jar:/Users/alaminsarker/git/hibernate_test_projects/FirstHibernateProject/lib/dom4j-1.6.1.jar:/Users/alaminsarker/git/hibernate_test_projects/FirstHibernateProject/lib/commons-logging-1.0.4.jar:/Users/alaminsarker/git/hibernate_test_projects/FirstHibernateProject/lib/commons-collections-2.1.1.jar:/Users/alaminsarker/git/hibernate_test_projects/FirstHibernateProject/lib/cglib-2.1.3.jar:/Users/alaminsarker/git/hibernate_test_projects/FirstHibernateProject/lib/c3p0-0.9.1.jar:/Users/alaminsarker/git/hibernate_test_projects/FirstHibernateProject/lib/asm.jar:/Users/alaminsarker/git/hibernate_test_projects/FirstHibernateProject/lib/asm-attrs.jar:/Users/alaminsarker/git/hibernate_test_projects/FirstHibernateProject/lib/antlr-2.7.6.jar:/Users/alaminsarker/git/hibernate_test_projects/FirstHibernateProject/lib/mysql-connector.jar, user.name=alaminsarker, hibernate.bytecode.use_reflection_optimizer=false, java.vm.specification.version=1.8, sun.java.command=org.tutorial.testhb.StoreData, java.home=/Library/Java/JavaVirtualMachines/jdk1.8.0_65.jdk/Contents/Home/jre, sun.arch.data.model=64, hibernate.connection.url=jdbc:mysql://localhost/test, hibernate.dialect=org.hibernate.dialect.MySQLDialect, user.language=en, java.specification.vendor=Oracle Corporation, awt.toolkit=sun.lwawt.macosx.LWCToolkit, java.vm.info=mixed mode, java.version=1.8.0_65, java.ext.dirs=/Users/alaminsarker/Library/Java/Extensions:/Library/Java/JavaVirtualMachines/jdk1.8.0_65.jdk/Contents/Home/jre/lib/ext:/Library/Java/Extensions:/Network/Library/Java/Extensions:/System/Library/Java/Extensions:/usr/lib/java, sun.boot.class.path=/Library/Java/JavaVirtualMachines/jdk1.8.0_65.jdk/Contents/Home/jre/lib/resources.jar:/Library/Java/JavaVirtualMachines/jdk1.8.0_65.jdk/Contents/Home/jre/lib/rt.jar:/Library/Java/JavaVirtualMachines/jdk1.8.0_65.jdk/Contents/Home/jre/lib/sunrsasign.jar:/Library/Java/JavaVirtualMachines/jdk1.8.0_65.jdk/Contents/Home/jre/lib/jsse.jar:/Library/Java/JavaVirtualMachines/jdk1.8.0_65.jdk/Contents/Home/jre/lib/jce.jar:/Library/Java/JavaVirtualMachines/jdk1.8.0_65.jdk/Contents/Home/jre/lib/charsets.jar:/Library/Java/JavaVirtualMachines/jdk1.8.0_65.jdk/Contents/Home/jre/lib/jfr.jar:/Library/Java/JavaVirtualMachines/jdk1.8.0_65.jdk/Contents/Home/jre/classes, java.vendor=Oracle Corporation, connection.driver_class=com.mysql.jdbc.Driver, file.separator=/, hibernate.hbm2ddl.auto=create, java.vendor.url.bug=http://bugreport.sun.com/bugreport/, sun.io.unicode.encoding=UnicodeBig, sun.cpu.endian=little, socksNonProxyHosts=local|*.local|169.254/16|*.169.254/16, connection.url=jdbc:mysql://localhost/test, ftp.nonProxyHosts=local|*.local|169.254/16|*.169.254/16, dialect=org.hibernate.dialect.MySQLDialect, sun.cpu.isalist=}
  14:40:27,009 DEBUG Configuration:1282 - Preparing to build session factory with filters : {}
  14:40:27,010 DEBUG Configuration:1117 - processing extends queue
  14:40:27,010 DEBUG Configuration:1121 - processing collection mappings
  14:40:27,010 DEBUG Configuration:1132 - processing native query and ResultSetMapping mappings
  14:40:27,010 DEBUG Configuration:1140 - processing association property references
  14:40:27,011 DEBUG Configuration:1162 - processing foreign key constraints
  14:40:27,042  INFO DriverManagerConnectionProvider:41 - Using Hibernate built-in connection pool (not for production use!)
  14:40:27,042  INFO DriverManagerConnectionProvider:42 - Hibernate connection pool size: 20
  14:40:27,042  INFO DriverManagerConnectionProvider:45 - autocommit mode: false
  14:40:27,114  INFO DriverManagerConnectionProvider:80 - using driver: com.mysql.jdbc.Driver at URL: jdbc:mysql://localhost/test
  14:40:27,115  INFO DriverManagerConnectionProvider:83 - connection properties: {user=root, password=root@18}
  14:40:27,115 DEBUG DriverManagerConnectionProvider:93 - total checked-out connections: 0
  14:40:27,115 DEBUG DriverManagerConnectionProvider:109 - opening new JDBC connection
  14:40:27,840 DEBUG DriverManagerConnectionProvider:115 - created connection to: jdbc:mysql://localhost/test, Isolation Level: 4
  14:40:27,842  INFO SettingsFactory:81 - RDBMS: MySQL, version: 8.0.15
  14:40:27,842  INFO SettingsFactory:82 - JDBC driver: MySQL Connector/J, version: mysql-connector-java-8.0.15 (Revision: 79a4336f140499bd22dd07f02b708e163844e3d5)
  14:40:27,843 DEBUG DriverManagerConnectionProvider:129 - returning connection to pool, pool size: 1
  14:40:27,850  INFO Dialect:151 - Using dialect: org.hibernate.dialect.MySQLDialect
  14:40:27,853  INFO TransactionFactoryFactory:31 - Using default transaction strategy (direct JDBC transactions)
  14:40:27,854  INFO TransactionManagerLookupFactory:33 - No TransactionManagerLookup configured (in JTA environment, use of read-write or transactional second-level cache is not recommended)
  14:40:27,854  INFO SettingsFactory:134 - Automatic flush during beforeCompletion(): disabled
  14:40:27,854  INFO SettingsFactory:138 - Automatic session close at end of transaction: disabled
  14:40:27,854  INFO SettingsFactory:145 - JDBC batch size: 15
  14:40:27,854  INFO SettingsFactory:148 - JDBC batch updates for versioned data: disabled
  14:40:27,855  INFO SettingsFactory:153 - Scrollable result sets: enabled
  14:40:27,855 DEBUG SettingsFactory:157 - Wrap result sets: disabled
  14:40:27,855  INFO SettingsFactory:161 - JDBC3 getGeneratedKeys(): enabled
  14:40:27,855  INFO SettingsFactory:169 - Connection release mode: auto
  14:40:27,855  INFO SettingsFactory:193 - Maximum outer join fetch depth: 2
  14:40:27,856  INFO SettingsFactory:196 - Default batch fetch size: 1
  14:40:27,856  INFO SettingsFactory:200 - Generate SQL with comments: disabled
  14:40:27,856  INFO SettingsFactory:204 - Order SQL updates by primary key: disabled
  14:40:27,856  INFO SettingsFactory:369 - Query translator: org.hibernate.hql.ast.ASTQueryTranslatorFactory
  14:40:27,857  INFO ASTQueryTranslatorFactory:24 - Using ASTQueryTranslatorFactory
  14:40:27,857  INFO SettingsFactory:212 - Query language substitutions: {}
  14:40:27,857  INFO SettingsFactory:217 - JPA-QL strict compliance: disabled
  14:40:27,858  INFO SettingsFactory:222 - Second-level cache: enabled
  14:40:27,858  INFO SettingsFactory:226 - Query cache: disabled
  14:40:27,858  INFO SettingsFactory:356 - Cache provider: org.hibernate.cache.NoCacheProvider
  14:40:27,858  INFO SettingsFactory:241 - Optimize cache for minimal puts: disabled
  14:40:27,858  INFO SettingsFactory:250 - Structured second-level cache entries: disabled
  14:40:27,859 DEBUG SQLExceptionConverterFactory:52 - Using dialect defined converter
  14:40:27,862  INFO SettingsFactory:277 - Statistics: disabled
  14:40:27,863  INFO SettingsFactory:281 - Deleted entity synthetic identifier rollback: disabled
  14:40:27,863  INFO SettingsFactory:296 - Default entity-mode: pojo
  14:40:27,878  INFO SessionFactoryImpl:161 - building session factory
  14:40:27,879 DEBUG SessionFactoryImpl:173 - Session factory constructed with filter configurations : {}
  14:40:27,879 DEBUG SessionFactoryImpl:177 - instantiating session factory with properties: {java.runtime.name=Java(TM) SE Runtime Environment, hibernate.connection.password=root@18, sun.boot.library.path=/Library/Java/JavaVirtualMachines/jdk1.8.0_65.jdk/Contents/Home/jre/lib, java.vm.version=25.65-b01, hibernate.connection.username=root, user.country.format=BD, gopherProxySet=false, java.vm.vendor=Oracle Corporation, java.vendor.url=http://java.oracle.com/, path.separator=:, java.vm.name=Java HotSpot(TM) 64-Bit Server VM, file.encoding.pkg=sun.io, user.country=US, sun.java.launcher=SUN_STANDARD, sun.os.patch.level=unknown, java.vm.specification.name=Java Virtual Machine Specification, user.dir=/Users/alaminsarker/git/hibernate_test_projects/FirstHibernateProject, java.runtime.version=1.8.0_65-b17, java.awt.graphicsenv=sun.awt.CGraphicsEnvironment, hbm2ddl.auto=create, java.endorsed.dirs=/Library/Java/JavaVirtualMachines/jdk1.8.0_65.jdk/Contents/Home/jre/lib/endorsed, os.arch=x86_64, java.io.tmpdir=/var/folders/ct/nqm1c5jj3cq6zrnjdz57flyh0000gn/T/, line.separator=
, java.vm.specification.vendor=Oracle Corporation, os.name=Mac OS X, sun.jnu.encoding=UTF-8, java.library.path=/Users/alaminsarker/Library/Java/Extensions:/Library/Java/Extensions:/Network/Library/Java/Extensions:/System/Library/Java/Extensions:/usr/lib/java:., java.specification.name=Java Platform API Specification, java.class.version=52.0, sun.management.compiler=HotSpot 64-Bit Tiered Compilers, os.version=10.14.2, http.nonProxyHosts=local|*.local|169.254/16|*.169.254/16, user.home=/Users/alaminsarker, connection.password=root@18, user.timezone=Asia/Dhaka, java.awt.printerjob=sun.lwawt.macosx.CPrinterJob, connection.username=root, java.specification.version=1.8, file.encoding=UTF-8, hibernate.connection.driver_class=com.mysql.jdbc.Driver, user.name=alaminsarker, java.class.path=/Users/alaminsarker/git/hibernate_test_projects/FirstHibernateProject/bin:/Users/alaminsarker/git/hibernate_test_projects/FirstHibernateProject/lib/xerces-2.6.2.jar:/Users/alaminsarker/git/hibernate_test_projects/FirstHibernateProject/lib/log4j-1.2.11.jar:/Users/alaminsarker/git/hibernate_test_projects/FirstHibernateProject/lib/jta.jar:/Users/alaminsarker/git/hibernate_test_projects/FirstHibernateProject/lib/jdbc2_0-stdext.jar:/Users/alaminsarker/git/hibernate_test_projects/FirstHibernateProject/lib/hibernate3.jar:/Users/alaminsarker/git/hibernate_test_projects/FirstHibernateProject/lib/hibernate-validator.jar:/Users/alaminsarker/git/hibernate_test_projects/FirstHibernateProject/lib/hibernate-commons-annotations.jar:/Users/alaminsarker/git/hibernate_test_projects/FirstHibernateProject/lib/hibernate-annotations.jar:/Users/alaminsarker/git/hibernate_test_projects/FirstHibernateProject/lib/ejb3-persistence.jar:/Users/alaminsarker/git/hibernate_test_projects/FirstHibernateProject/lib/ehcache-1.2.3.jar:/Users/alaminsarker/git/hibernate_test_projects/FirstHibernateProject/lib/dom4j-1.6.1.jar:/Users/alaminsarker/git/hibernate_test_projects/FirstHibernateProject/lib/commons-logging-1.0.4.jar:/Users/alaminsarker/git/hibernate_test_projects/FirstHibernateProject/lib/commons-collections-2.1.1.jar:/Users/alaminsarker/git/hibernate_test_projects/FirstHibernateProject/lib/cglib-2.1.3.jar:/Users/alaminsarker/git/hibernate_test_projects/FirstHibernateProject/lib/c3p0-0.9.1.jar:/Users/alaminsarker/git/hibernate_test_projects/FirstHibernateProject/lib/asm.jar:/Users/alaminsarker/git/hibernate_test_projects/FirstHibernateProject/lib/asm-attrs.jar:/Users/alaminsarker/git/hibernate_test_projects/FirstHibernateProject/lib/antlr-2.7.6.jar:/Users/alaminsarker/git/hibernate_test_projects/FirstHibernateProject/lib/mysql-connector.jar, hibernate.bytecode.use_reflection_optimizer=false, java.vm.specification.version=1.8, sun.arch.data.model=64, java.home=/Library/Java/JavaVirtualMachines/jdk1.8.0_65.jdk/Contents/Home/jre, sun.java.command=org.tutorial.testhb.StoreData, hibernate.dialect=org.hibernate.dialect.MySQLDialect, hibernate.connection.url=jdbc:mysql://localhost/test, java.specification.vendor=Oracle Corporation, user.language=en, awt.toolkit=sun.lwawt.macosx.LWCToolkit, java.vm.info=mixed mode, java.version=1.8.0_65, java.ext.dirs=/Users/alaminsarker/Library/Java/Extensions:/Library/Java/JavaVirtualMachines/jdk1.8.0_65.jdk/Contents/Home/jre/lib/ext:/Library/Java/Extensions:/Network/Library/Java/Extensions:/System/Library/Java/Extensions:/usr/lib/java, sun.boot.class.path=/Library/Java/JavaVirtualMachines/jdk1.8.0_65.jdk/Contents/Home/jre/lib/resources.jar:/Library/Java/JavaVirtualMachines/jdk1.8.0_65.jdk/Contents/Home/jre/lib/rt.jar:/Library/Java/JavaVirtualMachines/jdk1.8.0_65.jdk/Contents/Home/jre/lib/sunrsasign.jar:/Library/Java/JavaVirtualMachines/jdk1.8.0_65.jdk/Contents/Home/jre/lib/jsse.jar:/Library/Java/JavaVirtualMachines/jdk1.8.0_65.jdk/Contents/Home/jre/lib/jce.jar:/Library/Java/JavaVirtualMachines/jdk1.8.0_65.jdk/Contents/Home/jre/lib/charsets.jar:/Library/Java/JavaVirtualMachines/jdk1.8.0_65.jdk/Contents/Home/jre/lib/jfr.jar:/Library/Java/JavaVirtualMachines/jdk1.8.0_65.jdk/Contents/Home/jre/classes, java.vendor=Oracle Corporation, file.separator=/, connection.driver_class=com.mysql.jdbc.Driver, java.vendor.url.bug=http://bugreport.sun.com/bugreport/, hibernate.hbm2ddl.auto=create, sun.cpu.endian=little, sun.io.unicode.encoding=UnicodeBig, socksNonProxyHosts=local|*.local|169.254/16|*.169.254/16, ftp.nonProxyHosts=local|*.local|169.254/16|*.169.254/16, connection.url=jdbc:mysql://localhost/test, sun.cpu.isalist=, dialect=org.hibernate.dialect.MySQLDialect}
  14:40:27,985 DEBUG AbstractEntityPersister:2688 - Static SQL for entity: org.tutorial.testhb.Employee
  14:40:27,985 DEBUG AbstractEntityPersister:2693 -  Version select: select id from emp1001 where id =?
  14:40:27,986 DEBUG AbstractEntityPersister:2696 -  Snapshot select: select employee_.id, employee_.firstName as firstName0_, employee_.lastName as lastName0_, employee_.email as email0_ from emp1001 employee_ where employee_.id=?
  14:40:27,986 DEBUG AbstractEntityPersister:2699 -  Insert 0: insert into emp1001 (firstName, lastName, email, id) values (?, ?, ?, ?)
  14:40:27,986 DEBUG AbstractEntityPersister:2700 -  Update 0: update emp1001 set firstName=?, lastName=?, email=? where id=?
  14:40:27,986 DEBUG AbstractEntityPersister:2701 -  Delete 0: delete from emp1001 where id=?
  14:40:27,998 DEBUG EntityLoader:79 - Static select for entity org.tutorial.testhb.Employee: select employee0_.id as id0_0_, employee0_.firstName as firstName0_0_, employee0_.lastName as lastName0_0_, employee0_.email as email0_0_ from emp1001 employee0_ where employee0_.id=?
  14:40:27,999 DEBUG EntityLoader:79 - Static select for entity org.tutorial.testhb.Employee: select employee0_.id as id0_0_, employee0_.firstName as firstName0_0_, employee0_.lastName as lastName0_0_, employee0_.email as email0_0_ from emp1001 employee0_ where employee0_.id=?
  14:40:27,999 DEBUG EntityLoader:79 - Static select for entity org.tutorial.testhb.Employee: select employee0_.id as id0_0_, employee0_.firstName as firstName0_0_, employee0_.lastName as lastName0_0_, employee0_.email as email0_0_ from emp1001 employee0_ where employee0_.id=? for update
  14:40:27,999 DEBUG EntityLoader:79 - Static select for entity org.tutorial.testhb.Employee: select employee0_.id as id0_0_, employee0_.firstName as firstName0_0_, employee0_.lastName as lastName0_0_, employee0_.email as email0_0_ from emp1001 employee0_ where employee0_.id=? for update
  14:40:28,000 DEBUG EntityLoader:79 - Static select for entity org.tutorial.testhb.Employee: select employee0_.id as id0_0_, employee0_.firstName as firstName0_0_, employee0_.lastName as lastName0_0_, employee0_.email as email0_0_ from emp1001 employee0_ where employee0_.id=? for update
  14:40:28,005 DEBUG EntityLoader:34 - Static select for action ACTION_MERGE on entity org.tutorial.testhb.Employee: select employee0_.id as id0_0_, employee0_.firstName as firstName0_0_, employee0_.lastName as lastName0_0_, employee0_.email as email0_0_ from emp1001 employee0_ where employee0_.id=?
  14:40:28,006 DEBUG EntityLoader:34 - Static select for action ACTION_REFRESH on entity org.tutorial.testhb.Employee: select employee0_.id as id0_0_, employee0_.firstName as firstName0_0_, employee0_.lastName as lastName0_0_, employee0_.email as email0_0_ from emp1001 employee0_ where employee0_.id=?
  14:40:28,009 DEBUG SessionFactoryObjectFactory:39 - initializing class SessionFactoryObjectFactory
  14:40:28,011 DEBUG SessionFactoryObjectFactory:76 - registered: 402880e668cc43e30168cc43e4660000 (unnamed)
  14:40:28,012  INFO SessionFactoryObjectFactory:82 - Not binding factory to JNDI, no JNDI name configured
  14:40:28,012 DEBUG SessionFactoryImpl:308 - instantiated session factory
  14:40:28,015 DEBUG Configuration:1117 - processing extends queue
  14:40:28,015 DEBUG Configuration:1121 - processing collection mappings
  14:40:28,015 DEBUG Configuration:1132 - processing native query and ResultSetMapping mappings
  14:40:28,015 DEBUG Configuration:1140 - processing association property references
  14:40:28,016 DEBUG Configuration:1162 - processing foreign key constraints
  14:40:28,016 DEBUG Configuration:1117 - processing extends queue
  14:40:28,017 DEBUG Configuration:1121 - processing collection mappings
  14:40:28,017 DEBUG Configuration:1132 - processing native query and ResultSetMapping mappings
  14:40:28,017 DEBUG Configuration:1140 - processing association property references
  14:40:28,017 DEBUG Configuration:1162 - processing foreign key constraints
  14:40:28,018  INFO SchemaExport:154 - Running hbm2ddl schema export
  14:40:28,019 DEBUG SchemaExport:170 - import file not found: /import.sql
  14:40:28,019  INFO SchemaExport:179 - exporting generated schema to database
  14:40:28,020 DEBUG DriverManagerConnectionProvider:93 - total checked-out connections: 0
  14:40:28,020 DEBUG DriverManagerConnectionProvider:99 - using pooled JDBC connection, pool size: 0
  14:40:28,028 DEBUG SchemaExport:303 - drop table if exists emp1001
  14:40:28,059 DEBUG SchemaExport:303 - create table emp1001 (id integer not null, firstName varchar(255), lastName varchar(255), email varchar(255), primary key (id))
  14:40:28,076  INFO SchemaExport:196 - schema export complete
  14:40:28,077 DEBUG DriverManagerConnectionProvider:129 - returning connection to pool, pool size: 1
  14:40:28,077 DEBUG SessionFactoryImpl:390 - Checking 0 named HQL queries
  14:40:28,077 DEBUG SessionFactoryImpl:410 - Checking 0 named SQL queries
  14:40:28,099 DEBUG SessionImpl:220 - opened session at timestamp: 15496152280
  14:40:28,101 DEBUG JDBCTransaction:54 - begin
  14:40:28,102 DEBUG ConnectionManager:415 - opening JDBC connection
  14:40:28,102 DEBUG DriverManagerConnectionProvider:93 - total checked-out connections: 0
  14:40:28,102 DEBUG DriverManagerConnectionProvider:99 - using pooled JDBC connection, pool size: 0
  14:40:28,103 DEBUG JDBCTransaction:59 - current autocommit status: false
  14:40:28,103 DEBUG JDBCContext:210 - after transaction begin
  14:40:28,105 DEBUG IdentifierValue:77 - id unsaved-value strategy UNDEFINED
  14:40:28,106 DEBUG AbstractSaveEventListener:489 - transient instance of: org.tutorial.testhb.Employee
  14:40:28,106 DEBUG DefaultPersistEventListener:124 - saving transient instance
  14:40:28,107 DEBUG AbstractSaveEventListener:113 - generated identifier: 10, using strategy: org.hibernate.id.Assigned
  14:40:28,109 DEBUG AbstractSaveEventListener:152 - saving [org.tutorial.testhb.Employee#10]
  14:40:28,120 DEBUG JDBCTransaction:103 - commit
  14:40:28,120 DEBUG SessionImpl:337 - automatically flushing session
  14:40:28,121 DEBUG AbstractFlushingEventListener:58 - flushing session
  14:40:28,121 DEBUG AbstractFlushingEventListener:111 - processing flush-time cascades
  14:40:28,122 DEBUG AbstractFlushingEventListener:154 - dirty checking collections
  14:40:28,122 DEBUG AbstractFlushingEventListener:171 - Flushing entities and processing referenced collections
  14:40:28,124 DEBUG AbstractFlushingEventListener:210 - Processing unreferenced collections
  14:40:28,125 DEBUG AbstractFlushingEventListener:224 - Scheduling collection removes/(re)creates/updates
  14:40:28,125 DEBUG AbstractFlushingEventListener:85 - Flushed: 1 insertions, 0 updates, 0 deletions to 1 objects
  14:40:28,126 DEBUG AbstractFlushingEventListener:91 - Flushed: 0 (re)creations, 0 updates, 0 removals to 0 collections
  14:40:28,127 DEBUG Printer:83 - listing entities:
  14:40:28,128 DEBUG Printer:90 - org.tutorial.testhb.Employee{firstName=alamin, lastName=sarker, id=10, email=alamin_mas@yahoo.com}
  14:40:28,128 DEBUG AbstractFlushingEventListener:290 - executing flush
  14:40:28,128 DEBUG ConnectionManager:463 - registering flush begin
  14:40:28,128 DEBUG AbstractEntityPersister:2154 - Inserting entity: [org.tutorial.testhb.Employee#10]
  14:40:28,131 DEBUG AbstractBatcher:358 - about to open PreparedStatement (open PreparedStatements: 0, globally: 0)
  14:40:28,131 DEBUG SQL:393 - insert into emp1001 (firstName, lastName, email, id) values (?, ?, ?, ?)
  14:40:28,131 DEBUG AbstractBatcher:476 - preparing statement
  14:40:28,147 DEBUG AbstractEntityPersister:1942 - Dehydrating entity: [org.tutorial.testhb.Employee#10]
  14:40:28,148 DEBUG StringType:80 - binding 'alamin' to parameter: 1
  14:40:28,148 DEBUG StringType:80 - binding 'sarker' to parameter: 2
  14:40:28,148 DEBUG StringType:80 - binding 'alamin_mas@yahoo.com' to parameter: 3
  14:40:28,148 DEBUG IntegerType:80 - binding '10' to parameter: 4
  14:40:28,149 DEBUG AbstractBatcher:44 - Executing batch size: 1
  14:40:28,163 DEBUG AbstractBatcher:366 - about to close PreparedStatement (open PreparedStatements: 1, globally: 1)
  14:40:28,163 DEBUG AbstractBatcher:525 - closing statement
  14:40:28,164 DEBUG ConnectionManager:472 - registering flush end
  14:40:28,164 DEBUG AbstractFlushingEventListener:321 - post flush
  14:40:28,164 DEBUG JDBCContext:201 - before transaction completion
  14:40:28,164 DEBUG SessionImpl:393 - before transaction completion
  14:40:28,165 DEBUG JDBCTransaction:116 - committed JDBC Connection
  14:40:28,165 DEBUG JDBCContext:215 - after transaction completion
  14:40:28,165 DEBUG ConnectionManager:398 - aggressively releasing JDBC connection
  14:40:28,166 DEBUG ConnectionManager:435 - releasing JDBC connection [ (open PreparedStatements: 0, globally: 0) (open ResultSets: 0, globally: 0)]
  14:40:28,166 DEBUG DriverManagerConnectionProvider:129 - returning connection to pool, pool size: 1
  14:40:28,166 DEBUG SessionImpl:422 - after transaction completion
  14:40:28,166 DEBUG SessionImpl:273 - closing session
  14:40:28,166 DEBUG ConnectionManager:369 - connection already null in cleanup : no action
  